[INFO  - 2016-11-30T19:01:50.939Z] GhostDriver - Main - running on port 46735
[INFO  - 2016-11-30T19:01:51.356Z] Session [73ae0870-b72f-11e6-a7d0-2f7e81025ab7] - page.settings - {"XSSAuditingEnabled":false,"javascriptCanCloseWindows":true,"javascriptCanOpenWindows":true,"javascriptEnabled":true,"loadImages":true,"localToRemoteUrlAccessEnabled":false,"userAgent":"Mozilla/5.0 (Windows NT 6.1; WOW64) AppleWebKit/534.34 (KHTML, like Gecko) PhantomJS/1.9.8 Safari/534.34","webSecurityEnabled":true}
[INFO  - 2016-11-30T19:01:51.356Z] Session [73ae0870-b72f-11e6-a7d0-2f7e81025ab7] - page.customHeaders:  - {}
[INFO  - 2016-11-30T19:01:51.356Z] Session [73ae0870-b72f-11e6-a7d0-2f7e81025ab7] - Session.negotiatedCapabilities - {"browserName":"phantomjs","version":"1.9.8","driverName":"ghostdriver","driverVersion":"1.1.0","platform":"windows-7-32bit","javascriptEnabled":true,"takesScreenshot":true,"handlesAlerts":false,"databaseEnabled":false,"locationContextEnabled":false,"applicationCacheEnabled":false,"browserConnectionEnabled":false,"cssSelectorsEnabled":true,"webStorageEnabled":false,"rotatable":false,"acceptSslCerts":false,"nativeEvents":true,"proxy":{"proxyType":"direct"}}
[INFO  - 2016-11-30T19:01:51.356Z] SessionManagerReqHand - _postNewSessionCommand - New Session Created: 73ae0870-b72f-11e6-a7d0-2f7e81025ab7
[INFO  - 2016-11-30T19:01:53.423Z] ShutdownReqHand - _handle - About to shutdown
[INFO  - 2016-11-30T19:01:55.812Z] GhostDriver - Main - running on port 16928
[INFO  - 2016-11-30T19:01:56.049Z] Session [7679ab90-b72f-11e6-87de-6380719ea882] - page.settings - {"XSSAuditingEnabled":false,"javascriptCanCloseWindows":true,"javascriptCanOpenWindows":true,"javascriptEnabled":true,"loadImages":true,"localToRemoteUrlAccessEnabled":false,"userAgent":"Mozilla/5.0 (Windows NT 6.1; WOW64) AppleWebKit/534.34 (KHTML, like Gecko) PhantomJS/1.9.8 Safari/534.34","webSecurityEnabled":true}
[INFO  - 2016-11-30T19:01:56.049Z] Session [7679ab90-b72f-11e6-87de-6380719ea882] - page.customHeaders:  - {}
[INFO  - 2016-11-30T19:01:56.049Z] Session [7679ab90-b72f-11e6-87de-6380719ea882] - Session.negotiatedCapabilities - {"browserName":"phantomjs","version":"1.9.8","driverName":"ghostdriver","driverVersion":"1.1.0","platform":"windows-7-32bit","javascriptEnabled":true,"takesScreenshot":true,"handlesAlerts":false,"databaseEnabled":false,"locationContextEnabled":false,"applicationCacheEnabled":false,"browserConnectionEnabled":false,"cssSelectorsEnabled":true,"webStorageEnabled":false,"rotatable":false,"acceptSslCerts":false,"nativeEvents":true,"proxy":{"proxyType":"direct"}}
[INFO  - 2016-11-30T19:01:56.049Z] SessionManagerReqHand - _postNewSessionCommand - New Session Created: 7679ab90-b72f-11e6-87de-6380719ea882
[INFO  - 2016-11-30T19:01:56.631Z] ShutdownReqHand - _handle - About to shutdown
[INFO  - 2016-11-30T19:25:32.052Z] GhostDriver - Main - running on port 26370
[INFO  - 2016-11-30T19:25:32.352Z] Session [c2a8d0b0-b732-11e6-b1e1-c9802a72c149] - page.settings - {"XSSAuditingEnabled":false,"javascriptCanCloseWindows":true,"javascriptCanOpenWindows":true,"javascriptEnabled":true,"loadImages":true,"localToRemoteUrlAccessEnabled":false,"userAgent":"Mozilla/5.0 (Windows NT 6.1; WOW64) AppleWebKit/534.34 (KHTML, like Gecko) PhantomJS/1.9.8 Safari/534.34","webSecurityEnabled":true}
[INFO  - 2016-11-30T19:25:32.352Z] Session [c2a8d0b0-b732-11e6-b1e1-c9802a72c149] - page.customHeaders:  - {}
[INFO  - 2016-11-30T19:25:32.352Z] Session [c2a8d0b0-b732-11e6-b1e1-c9802a72c149] - Session.negotiatedCapabilities - {"browserName":"phantomjs","version":"1.9.8","driverName":"ghostdriver","driverVersion":"1.1.0","platform":"windows-7-32bit","javascriptEnabled":true,"takesScreenshot":true,"handlesAlerts":false,"databaseEnabled":false,"locationContextEnabled":false,"applicationCacheEnabled":false,"browserConnectionEnabled":false,"cssSelectorsEnabled":true,"webStorageEnabled":false,"rotatable":false,"acceptSslCerts":false,"nativeEvents":true,"proxy":{"proxyType":"direct"}}
[INFO  - 2016-11-30T19:25:32.352Z] SessionManagerReqHand - _postNewSessionCommand - New Session Created: c2a8d0b0-b732-11e6-b1e1-c9802a72c149
[INFO  - 2016-11-30T19:25:34.232Z] ShutdownReqHand - _handle - About to shutdown
[INFO  - 2016-11-30T19:25:36.680Z] GhostDriver - Main - running on port 25349
[INFO  - 2016-11-30T19:25:36.849Z] Session [c555ef50-b732-11e6-9e79-630ff7d72611] - page.settings - {"XSSAuditingEnabled":false,"javascriptCanCloseWindows":true,"javascriptCanOpenWindows":true,"javascriptEnabled":true,"loadImages":true,"localToRemoteUrlAccessEnabled":false,"userAgent":"Mozilla/5.0 (Windows NT 6.1; WOW64) AppleWebKit/534.34 (KHTML, like Gecko) PhantomJS/1.9.8 Safari/534.34","webSecurityEnabled":true}
[INFO  - 2016-11-30T19:25:36.849Z] Session [c555ef50-b732-11e6-9e79-630ff7d72611] - page.customHeaders:  - {}
[INFO  - 2016-11-30T19:25:36.849Z] Session [c555ef50-b732-11e6-9e79-630ff7d72611] - Session.negotiatedCapabilities - {"browserName":"phantomjs","version":"1.9.8","driverName":"ghostdriver","driverVersion":"1.1.0","platform":"windows-7-32bit","javascriptEnabled":true,"takesScreenshot":true,"handlesAlerts":false,"databaseEnabled":false,"locationContextEnabled":false,"applicationCacheEnabled":false,"browserConnectionEnabled":false,"cssSelectorsEnabled":true,"webStorageEnabled":false,"rotatable":false,"acceptSslCerts":false,"nativeEvents":true,"proxy":{"proxyType":"direct"}}
[INFO  - 2016-11-30T19:25:36.849Z] SessionManagerReqHand - _postNewSessionCommand - New Session Created: c555ef50-b732-11e6-9e79-630ff7d72611
[INFO  - 2016-11-30T19:25:37.286Z] ShutdownReqHand - _handle - About to shutdown
[INFO  - 2016-11-30T19:28:01.284Z] GhostDriver - Main - running on port 42166
[INFO  - 2016-11-30T19:28:01.679Z] Session [1baa4ea0-b733-11e6-a9b6-658aada85d3f] - page.settings - {"XSSAuditingEnabled":false,"javascriptCanCloseWindows":true,"javascriptCanOpenWindows":true,"javascriptEnabled":true,"loadImages":true,"localToRemoteUrlAccessEnabled":false,"userAgent":"Mozilla/5.0 (Windows NT 6.1; WOW64) AppleWebKit/534.34 (KHTML, like Gecko) PhantomJS/1.9.8 Safari/534.34","webSecurityEnabled":true}
[INFO  - 2016-11-30T19:28:01.679Z] Session [1baa4ea0-b733-11e6-a9b6-658aada85d3f] - page.customHeaders:  - {}
[INFO  - 2016-11-30T19:28:01.679Z] Session [1baa4ea0-b733-11e6-a9b6-658aada85d3f] - Session.negotiatedCapabilities - {"browserName":"phantomjs","version":"1.9.8","driverName":"ghostdriver","driverVersion":"1.1.0","platform":"windows-7-32bit","javascriptEnabled":true,"takesScreenshot":true,"handlesAlerts":false,"databaseEnabled":false,"locationContextEnabled":false,"applicationCacheEnabled":false,"browserConnectionEnabled":false,"cssSelectorsEnabled":true,"webStorageEnabled":false,"rotatable":false,"acceptSslCerts":false,"nativeEvents":true,"proxy":{"proxyType":"direct"}}
[INFO  - 2016-11-30T19:28:01.679Z] SessionManagerReqHand - _postNewSessionCommand - New Session Created: 1baa4ea0-b733-11e6-a9b6-658aada85d3f
[INFO  - 2016-11-30T19:28:03.440Z] ShutdownReqHand - _handle - About to shutdown
[INFO  - 2016-11-30T19:28:05.744Z] GhostDriver - Main - running on port 37361
[INFO  - 2016-11-30T19:28:05.985Z] Session [1e3ae490-b733-11e6-87d8-0dce62b95b60] - page.settings - {"XSSAuditingEnabled":false,"javascriptCanCloseWindows":true,"javascriptCanOpenWindows":true,"javascriptEnabled":true,"loadImages":true,"localToRemoteUrlAccessEnabled":false,"userAgent":"Mozilla/5.0 (Windows NT 6.1; WOW64) AppleWebKit/534.34 (KHTML, like Gecko) PhantomJS/1.9.8 Safari/534.34","webSecurityEnabled":true}
[INFO  - 2016-11-30T19:28:05.985Z] Session [1e3ae490-b733-11e6-87d8-0dce62b95b60] - page.customHeaders:  - {}
[INFO  - 2016-11-30T19:28:05.985Z] Session [1e3ae490-b733-11e6-87d8-0dce62b95b60] - Session.negotiatedCapabilities - {"browserName":"phantomjs","version":"1.9.8","driverName":"ghostdriver","driverVersion":"1.1.0","platform":"windows-7-32bit","javascriptEnabled":true,"takesScreenshot":true,"handlesAlerts":false,"databaseEnabled":false,"locationContextEnabled":false,"applicationCacheEnabled":false,"browserConnectionEnabled":false,"cssSelectorsEnabled":true,"webStorageEnabled":false,"rotatable":false,"acceptSslCerts":false,"nativeEvents":true,"proxy":{"proxyType":"direct"}}
[INFO  - 2016-11-30T19:28:05.985Z] SessionManagerReqHand - _postNewSessionCommand - New Session Created: 1e3ae490-b733-11e6-87d8-0dce62b95b60
[INFO  - 2016-11-30T19:28:06.548Z] ShutdownReqHand - _handle - About to shutdown
[INFO  - 2016-11-30T19:45:58.477Z] GhostDriver - Main - running on port 7404
[INFO  - 2016-11-30T19:45:59.151Z] Session [9de35590-b735-11e6-967e-dd6ddf14c2b2] - page.settings - {"XSSAuditingEnabled":false,"javascriptCanCloseWindows":true,"javascriptCanOpenWindows":true,"javascriptEnabled":true,"loadImages":true,"localToRemoteUrlAccessEnabled":false,"userAgent":"Mozilla/5.0 (Windows NT 6.1; WOW64) AppleWebKit/538.1 (KHTML, like Gecko) PhantomJS/2.1.1 Safari/538.1","webSecurityEnabled":true}
[INFO  - 2016-11-30T19:45:59.151Z] Session [9de35590-b735-11e6-967e-dd6ddf14c2b2] - page.customHeaders:  - {}
[INFO  - 2016-11-30T19:45:59.151Z] Session [9de35590-b735-11e6-967e-dd6ddf14c2b2] - Session.negotiatedCapabilities - {"browserName":"phantomjs","version":"2.1.1","driverName":"ghostdriver","driverVersion":"1.2.0","platform":"windows-7-32bit","javascriptEnabled":true,"takesScreenshot":true,"handlesAlerts":false,"databaseEnabled":false,"locationContextEnabled":false,"applicationCacheEnabled":false,"browserConnectionEnabled":false,"cssSelectorsEnabled":true,"webStorageEnabled":false,"rotatable":false,"acceptSslCerts":false,"nativeEvents":true,"proxy":{"proxyType":"direct"}}
[INFO  - 2016-11-30T19:45:59.151Z] SessionManagerReqHand - _postNewSessionCommand - New Session Created: 9de35590-b735-11e6-967e-dd6ddf14c2b2
[INFO  - 2016-11-30T19:46:02.242Z] ShutdownReqHand - _handle - About to shutdown
[INFO  - 2016-11-30T19:46:05.451Z] GhostDriver - Main - running on port 20629
[INFO  - 2016-11-30T19:46:06.101Z] Session [a2069970-b735-11e6-9002-f75f529ba5d6] - page.settings - {"XSSAuditingEnabled":false,"javascriptCanCloseWindows":true,"javascriptCanOpenWindows":true,"javascriptEnabled":true,"loadImages":true,"localToRemoteUrlAccessEnabled":false,"userAgent":"Mozilla/5.0 (Windows NT 6.1; WOW64) AppleWebKit/538.1 (KHTML, like Gecko) PhantomJS/2.1.1 Safari/538.1","webSecurityEnabled":true}
[INFO  - 2016-11-30T19:46:06.101Z] Session [a2069970-b735-11e6-9002-f75f529ba5d6] - page.customHeaders:  - {}
[INFO  - 2016-11-30T19:46:06.102Z] Session [a2069970-b735-11e6-9002-f75f529ba5d6] - Session.negotiatedCapabilities - {"browserName":"phantomjs","version":"2.1.1","driverName":"ghostdriver","driverVersion":"1.2.0","platform":"windows-7-32bit","javascriptEnabled":true,"takesScreenshot":true,"handlesAlerts":false,"databaseEnabled":false,"locationContextEnabled":false,"applicationCacheEnabled":false,"browserConnectionEnabled":false,"cssSelectorsEnabled":true,"webStorageEnabled":false,"rotatable":false,"acceptSslCerts":false,"nativeEvents":true,"proxy":{"proxyType":"direct"}}
[INFO  - 2016-11-30T19:46:06.102Z] SessionManagerReqHand - _postNewSessionCommand - New Session Created: a2069970-b735-11e6-9002-f75f529ba5d6
[INFO  - 2016-11-30T19:46:06.686Z] ShutdownReqHand - _handle - About to shutdown
[INFO  - 2016-11-30T20:47:37.300Z] GhostDriver - Main - running on port 37753
[INFO  - 2016-11-30T20:47:38.076Z] Session [3a9e7f60-b73e-11e6-ab8c-5d83e916cc45] - page.settings - {"XSSAuditingEnabled":false,"javascriptCanCloseWindows":true,"javascriptCanOpenWindows":true,"javascriptEnabled":true,"loadImages":true,"localToRemoteUrlAccessEnabled":false,"userAgent":"Mozilla/5.0 (Windows NT 6.1; WOW64) AppleWebKit/538.1 (KHTML, like Gecko) PhantomJS/2.1.1 Safari/538.1","webSecurityEnabled":true}
[INFO  - 2016-11-30T20:47:38.076Z] Session [3a9e7f60-b73e-11e6-ab8c-5d83e916cc45] - page.customHeaders:  - {}
[INFO  - 2016-11-30T20:47:38.076Z] Session [3a9e7f60-b73e-11e6-ab8c-5d83e916cc45] - Session.negotiatedCapabilities - {"browserName":"phantomjs","version":"2.1.1","driverName":"ghostdriver","driverVersion":"1.2.0","platform":"windows-7-32bit","javascriptEnabled":true,"takesScreenshot":true,"handlesAlerts":false,"databaseEnabled":false,"locationContextEnabled":false,"applicationCacheEnabled":false,"browserConnectionEnabled":false,"cssSelectorsEnabled":true,"webStorageEnabled":false,"rotatable":false,"acceptSslCerts":false,"nativeEvents":true,"proxy":{"proxyType":"direct"}}
[INFO  - 2016-11-30T20:47:38.076Z] SessionManagerReqHand - _postNewSessionCommand - New Session Created: 3a9e7f60-b73e-11e6-ab8c-5d83e916cc45
[INFO  - 2016-11-30T20:47:40.882Z] ShutdownReqHand - _handle - About to shutdown
[INFO  - 2016-11-30T20:47:44.171Z] GhostDriver - Main - running on port 45645
[INFO  - 2016-11-30T20:47:44.214Z] Session [3e471500-b73e-11e6-9d4d-9ba98b67a484] - page.settings - {"XSSAuditingEnabled":false,"javascriptCanCloseWindows":true,"javascriptCanOpenWindows":true,"javascriptEnabled":true,"loadImages":true,"localToRemoteUrlAccessEnabled":false,"userAgent":"Mozilla/5.0 (Windows NT 6.1; WOW64) AppleWebKit/538.1 (KHTML, like Gecko) PhantomJS/2.1.1 Safari/538.1","webSecurityEnabled":true}
[INFO  - 2016-11-30T20:47:44.214Z] Session [3e471500-b73e-11e6-9d4d-9ba98b67a484] - page.customHeaders:  - {}
[INFO  - 2016-11-30T20:47:44.214Z] Session [3e471500-b73e-11e6-9d4d-9ba98b67a484] - Session.negotiatedCapabilities - {"browserName":"phantomjs","version":"2.1.1","driverName":"ghostdriver","driverVersion":"1.2.0","platform":"windows-7-32bit","javascriptEnabled":true,"takesScreenshot":true,"handlesAlerts":false,"databaseEnabled":false,"locationContextEnabled":false,"applicationCacheEnabled":false,"browserConnectionEnabled":false,"cssSelectorsEnabled":true,"webStorageEnabled":false,"rotatable":false,"acceptSslCerts":false,"nativeEvents":true,"proxy":{"proxyType":"direct"}}
[INFO  - 2016-11-30T20:47:44.214Z] SessionManagerReqHand - _postNewSessionCommand - New Session Created: 3e471500-b73e-11e6-9d4d-9ba98b67a484
[INFO  - 2016-11-30T20:47:44.943Z] ShutdownReqHand - _handle - About to shutdown
[INFO  - 2016-11-30T20:49:16.711Z] GhostDriver - Main - running on port 23569
[INFO  - 2016-11-30T20:49:17.296Z] Session [75c26bb0-b73e-11e6-a186-5da7c9f45b13] - page.settings - {"XSSAuditingEnabled":false,"javascriptCanCloseWindows":true,"javascriptCanOpenWindows":true,"javascriptEnabled":true,"loadImages":true,"localToRemoteUrlAccessEnabled":false,"userAgent":"Mozilla/5.0 (Windows NT 6.1; WOW64) AppleWebKit/538.1 (KHTML, like Gecko) PhantomJS/2.1.1 Safari/538.1","webSecurityEnabled":true}
[INFO  - 2016-11-30T20:49:17.297Z] Session [75c26bb0-b73e-11e6-a186-5da7c9f45b13] - page.customHeaders:  - {}
[INFO  - 2016-11-30T20:49:17.297Z] Session [75c26bb0-b73e-11e6-a186-5da7c9f45b13] - Session.negotiatedCapabilities - {"browserName":"phantomjs","version":"2.1.1","driverName":"ghostdriver","driverVersion":"1.2.0","platform":"windows-7-32bit","javascriptEnabled":true,"takesScreenshot":true,"handlesAlerts":false,"databaseEnabled":false,"locationContextEnabled":false,"applicationCacheEnabled":false,"browserConnectionEnabled":false,"cssSelectorsEnabled":true,"webStorageEnabled":false,"rotatable":false,"acceptSslCerts":false,"nativeEvents":true,"proxy":{"proxyType":"direct"}}
[INFO  - 2016-11-30T20:49:17.297Z] SessionManagerReqHand - _postNewSessionCommand - New Session Created: 75c26bb0-b73e-11e6-a186-5da7c9f45b13
[INFO  - 2016-11-30T20:49:19.135Z] ShutdownReqHand - _handle - About to shutdown
[INFO  - 2016-11-30T20:49:22.270Z] GhostDriver - Main - running on port 19142
[INFO  - 2016-11-30T20:49:22.290Z] Session [78bc4ac0-b73e-11e6-8203-c9ddc292c04f] - page.settings - {"XSSAuditingEnabled":false,"javascriptCanCloseWindows":true,"javascriptCanOpenWindows":true,"javascriptEnabled":true,"loadImages":true,"localToRemoteUrlAccessEnabled":false,"userAgent":"Mozilla/5.0 (Windows NT 6.1; WOW64) AppleWebKit/538.1 (KHTML, like Gecko) PhantomJS/2.1.1 Safari/538.1","webSecurityEnabled":true}
[INFO  - 2016-11-30T20:49:22.290Z] Session [78bc4ac0-b73e-11e6-8203-c9ddc292c04f] - page.customHeaders:  - {}
[INFO  - 2016-11-30T20:49:22.290Z] Session [78bc4ac0-b73e-11e6-8203-c9ddc292c04f] - Session.negotiatedCapabilities - {"browserName":"phantomjs","version":"2.1.1","driverName":"ghostdriver","driverVersion":"1.2.0","platform":"windows-7-32bit","javascriptEnabled":true,"takesScreenshot":true,"handlesAlerts":false,"databaseEnabled":false,"locationContextEnabled":false,"applicationCacheEnabled":false,"browserConnectionEnabled":false,"cssSelectorsEnabled":true,"webStorageEnabled":false,"rotatable":false,"acceptSslCerts":false,"nativeEvents":true,"proxy":{"proxyType":"direct"}}
[INFO  - 2016-11-30T20:49:22.290Z] SessionManagerReqHand - _postNewSessionCommand - New Session Created: 78bc4ac0-b73e-11e6-8203-c9ddc292c04f
[INFO  - 2016-11-30T20:49:23.016Z] ShutdownReqHand - _handle - About to shutdown
[INFO  - 2016-11-30T20:50:51.762Z] GhostDriver - Main - running on port 46504
[INFO  - 2016-11-30T20:50:52.430Z] Session [ae75f440-b73e-11e6-929f-0b9f1e3f0563] - page.settings - {"XSSAuditingEnabled":false,"javascriptCanCloseWindows":true,"javascriptCanOpenWindows":true,"javascriptEnabled":true,"loadImages":true,"localToRemoteUrlAccessEnabled":false,"userAgent":"Mozilla/5.0 (Windows NT 6.1; WOW64) AppleWebKit/538.1 (KHTML, like Gecko) PhantomJS/2.1.1 Safari/538.1","webSecurityEnabled":true}
[INFO  - 2016-11-30T20:50:52.430Z] Session [ae75f440-b73e-11e6-929f-0b9f1e3f0563] - page.customHeaders:  - {}
[INFO  - 2016-11-30T20:50:52.430Z] Session [ae75f440-b73e-11e6-929f-0b9f1e3f0563] - Session.negotiatedCapabilities - {"browserName":"phantomjs","version":"2.1.1","driverName":"ghostdriver","driverVersion":"1.2.0","platform":"windows-7-32bit","javascriptEnabled":true,"takesScreenshot":true,"handlesAlerts":false,"databaseEnabled":false,"locationContextEnabled":false,"applicationCacheEnabled":false,"browserConnectionEnabled":false,"cssSelectorsEnabled":true,"webStorageEnabled":false,"rotatable":false,"acceptSslCerts":false,"nativeEvents":true,"proxy":{"proxyType":"direct"}}
[INFO  - 2016-11-30T20:50:52.430Z] SessionManagerReqHand - _postNewSessionCommand - New Session Created: ae75f440-b73e-11e6-929f-0b9f1e3f0563
[INFO  - 2016-11-30T20:50:54.662Z] ShutdownReqHand - _handle - About to shutdown
[INFO  - 2016-11-30T20:50:57.770Z] GhostDriver - Main - running on port 10221
[INFO  - 2016-11-30T20:50:57.797Z] Session [b1a980f0-b73e-11e6-b25b-5517d4a3da34] - page.settings - {"XSSAuditingEnabled":false,"javascriptCanCloseWindows":true,"javascriptCanOpenWindows":true,"javascriptEnabled":true,"loadImages":true,"localToRemoteUrlAccessEnabled":false,"userAgent":"Mozilla/5.0 (Windows NT 6.1; WOW64) AppleWebKit/538.1 (KHTML, like Gecko) PhantomJS/2.1.1 Safari/538.1","webSecurityEnabled":true}
[INFO  - 2016-11-30T20:50:57.797Z] Session [b1a980f0-b73e-11e6-b25b-5517d4a3da34] - page.customHeaders:  - {}
[INFO  - 2016-11-30T20:50:57.797Z] Session [b1a980f0-b73e-11e6-b25b-5517d4a3da34] - Session.negotiatedCapabilities - {"browserName":"phantomjs","version":"2.1.1","driverName":"ghostdriver","driverVersion":"1.2.0","platform":"windows-7-32bit","javascriptEnabled":true,"takesScreenshot":true,"handlesAlerts":false,"databaseEnabled":false,"locationContextEnabled":false,"applicationCacheEnabled":false,"browserConnectionEnabled":false,"cssSelectorsEnabled":true,"webStorageEnabled":false,"rotatable":false,"acceptSslCerts":false,"nativeEvents":true,"proxy":{"proxyType":"direct"}}
[INFO  - 2016-11-30T20:50:57.797Z] SessionManagerReqHand - _postNewSessionCommand - New Session Created: b1a980f0-b73e-11e6-b25b-5517d4a3da34
[INFO  - 2016-11-30T20:50:58.552Z] ShutdownReqHand - _handle - About to shutdown
[INFO  - 2016-11-30T21:17:12.954Z] GhostDriver - Main - running on port 47702
[INFO  - 2016-11-30T21:17:13.243Z] Session [5cb37c50-b742-11e6-a722-b1466cd698a0] - page.settings - {"XSSAuditingEnabled":false,"javascriptCanCloseWindows":true,"javascriptCanOpenWindows":true,"javascriptEnabled":true,"loadImages":true,"localToRemoteUrlAccessEnabled":false,"userAgent":"Mozilla/5.0 (Windows NT 6.1; WOW64) AppleWebKit/538.1 (KHTML, like Gecko) PhantomJS/2.1.1 Safari/538.1","webSecurityEnabled":true}
[INFO  - 2016-11-30T21:17:13.243Z] Session [5cb37c50-b742-11e6-a722-b1466cd698a0] - page.customHeaders:  - {}
[INFO  - 2016-11-30T21:17:13.243Z] Session [5cb37c50-b742-11e6-a722-b1466cd698a0] - Session.negotiatedCapabilities - {"browserName":"phantomjs","version":"2.1.1","driverName":"ghostdriver","driverVersion":"1.2.0","platform":"windows-7-32bit","javascriptEnabled":true,"takesScreenshot":true,"handlesAlerts":false,"databaseEnabled":false,"locationContextEnabled":false,"applicationCacheEnabled":false,"browserConnectionEnabled":false,"cssSelectorsEnabled":true,"webStorageEnabled":false,"rotatable":false,"acceptSslCerts":false,"nativeEvents":true,"proxy":{"proxyType":"direct"}}
[INFO  - 2016-11-30T21:17:13.243Z] SessionManagerReqHand - _postNewSessionCommand - New Session Created: 5cb37c50-b742-11e6-a722-b1466cd698a0
[INFO  - 2016-11-30T21:17:15.614Z] ShutdownReqHand - _handle - About to shutdown
[INFO  - 2016-11-30T21:17:18.990Z] GhostDriver - Main - running on port 16587
[INFO  - 2016-11-30T21:17:19.027Z] Session [60260dd0-b742-11e6-8712-c51d8c3e3881] - page.settings - {"XSSAuditingEnabled":false,"javascriptCanCloseWindows":true,"javascriptCanOpenWindows":true,"javascriptEnabled":true,"loadImages":true,"localToRemoteUrlAccessEnabled":false,"userAgent":"Mozilla/5.0 (Windows NT 6.1; WOW64) AppleWebKit/538.1 (KHTML, like Gecko) PhantomJS/2.1.1 Safari/538.1","webSecurityEnabled":true}
[INFO  - 2016-11-30T21:17:19.027Z] Session [60260dd0-b742-11e6-8712-c51d8c3e3881] - page.customHeaders:  - {}
[INFO  - 2016-11-30T21:17:19.027Z] Session [60260dd0-b742-11e6-8712-c51d8c3e3881] - Session.negotiatedCapabilities - {"browserName":"phantomjs","version":"2.1.1","driverName":"ghostdriver","driverVersion":"1.2.0","platform":"windows-7-32bit","javascriptEnabled":true,"takesScreenshot":true,"handlesAlerts":false,"databaseEnabled":false,"locationContextEnabled":false,"applicationCacheEnabled":false,"browserConnectionEnabled":false,"cssSelectorsEnabled":true,"webStorageEnabled":false,"rotatable":false,"acceptSslCerts":false,"nativeEvents":true,"proxy":{"proxyType":"direct"}}
[INFO  - 2016-11-30T21:17:19.027Z] SessionManagerReqHand - _postNewSessionCommand - New Session Created: 60260dd0-b742-11e6-8712-c51d8c3e3881
[INFO  - 2016-11-30T21:17:19.648Z] ShutdownReqHand - _handle - About to shutdown
[INFO  - 2016-11-30T21:17:53.160Z] GhostDriver - Main - running on port 45857
[INFO  - 2016-11-30T21:17:53.327Z] Session [7497f8a0-b742-11e6-a4d9-83eb1c06f92c] - page.settings - {"XSSAuditingEnabled":false,"javascriptCanCloseWindows":true,"javascriptCanOpenWindows":true,"javascriptEnabled":true,"loadImages":true,"localToRemoteUrlAccessEnabled":false,"userAgent":"Mozilla/5.0 (Windows NT 6.1; WOW64) AppleWebKit/538.1 (KHTML, like Gecko) PhantomJS/2.1.1 Safari/538.1","webSecurityEnabled":true}
[INFO  - 2016-11-30T21:17:53.328Z] Session [7497f8a0-b742-11e6-a4d9-83eb1c06f92c] - page.customHeaders:  - {}
[INFO  - 2016-11-30T21:17:53.328Z] Session [7497f8a0-b742-11e6-a4d9-83eb1c06f92c] - Session.negotiatedCapabilities - {"browserName":"phantomjs","version":"2.1.1","driverName":"ghostdriver","driverVersion":"1.2.0","platform":"windows-7-32bit","javascriptEnabled":true,"takesScreenshot":true,"handlesAlerts":false,"databaseEnabled":false,"locationContextEnabled":false,"applicationCacheEnabled":false,"browserConnectionEnabled":false,"cssSelectorsEnabled":true,"webStorageEnabled":false,"rotatable":false,"acceptSslCerts":false,"nativeEvents":true,"proxy":{"proxyType":"direct"}}
[INFO  - 2016-11-30T21:17:53.328Z] SessionManagerReqHand - _postNewSessionCommand - New Session Created: 7497f8a0-b742-11e6-a4d9-83eb1c06f92c
[INFO  - 2016-11-30T21:17:54.894Z] ShutdownReqHand - _handle - About to shutdown
[INFO  - 2016-11-30T21:17:57.959Z] GhostDriver - Main - running on port 10038
[INFO  - 2016-11-30T21:17:58.053Z] Session [7768f2f0-b742-11e6-a004-8bb9c9385c66] - page.settings - {"XSSAuditingEnabled":false,"javascriptCanCloseWindows":true,"javascriptCanOpenWindows":true,"javascriptEnabled":true,"loadImages":true,"localToRemoteUrlAccessEnabled":false,"userAgent":"Mozilla/5.0 (Windows NT 6.1; WOW64) AppleWebKit/538.1 (KHTML, like Gecko) PhantomJS/2.1.1 Safari/538.1","webSecurityEnabled":true}
[INFO  - 2016-11-30T21:17:58.053Z] Session [7768f2f0-b742-11e6-a004-8bb9c9385c66] - page.customHeaders:  - {}
[INFO  - 2016-11-30T21:17:58.053Z] Session [7768f2f0-b742-11e6-a004-8bb9c9385c66] - Session.negotiatedCapabilities - {"browserName":"phantomjs","version":"2.1.1","driverName":"ghostdriver","driverVersion":"1.2.0","platform":"windows-7-32bit","javascriptEnabled":true,"takesScreenshot":true,"handlesAlerts":false,"databaseEnabled":false,"locationContextEnabled":false,"applicationCacheEnabled":false,"browserConnectionEnabled":false,"cssSelectorsEnabled":true,"webStorageEnabled":false,"rotatable":false,"acceptSslCerts":false,"nativeEvents":true,"proxy":{"proxyType":"direct"}}
[INFO  - 2016-11-30T21:17:58.053Z] SessionManagerReqHand - _postNewSessionCommand - New Session Created: 7768f2f0-b742-11e6-a004-8bb9c9385c66
[INFO  - 2016-11-30T21:17:58.634Z] ShutdownReqHand - _handle - About to shutdown
[INFO  - 2016-11-30T21:31:01.683Z] GhostDriver - Main - running on port 39745
[INFO  - 2016-11-30T21:31:02.397Z] Session [4aea5870-b744-11e6-a487-331de61f33e4] - page.settings - {"XSSAuditingEnabled":false,"javascriptCanCloseWindows":true,"javascriptCanOpenWindows":true,"javascriptEnabled":true,"loadImages":true,"localToRemoteUrlAccessEnabled":false,"userAgent":"Mozilla/5.0 (Windows NT 6.1; WOW64) AppleWebKit/538.1 (KHTML, like Gecko) PhantomJS/2.1.1 Safari/538.1","webSecurityEnabled":true}
[INFO  - 2016-11-30T21:31:02.397Z] Session [4aea5870-b744-11e6-a487-331de61f33e4] - page.customHeaders:  - {}
[INFO  - 2016-11-30T21:31:02.397Z] Session [4aea5870-b744-11e6-a487-331de61f33e4] - Session.negotiatedCapabilities - {"browserName":"phantomjs","version":"2.1.1","driverName":"ghostdriver","driverVersion":"1.2.0","platform":"windows-7-32bit","javascriptEnabled":true,"takesScreenshot":true,"handlesAlerts":false,"databaseEnabled":false,"locationContextEnabled":false,"applicationCacheEnabled":false,"browserConnectionEnabled":false,"cssSelectorsEnabled":true,"webStorageEnabled":false,"rotatable":false,"acceptSslCerts":false,"nativeEvents":true,"proxy":{"proxyType":"direct"}}
[INFO  - 2016-11-30T21:31:02.397Z] SessionManagerReqHand - _postNewSessionCommand - New Session Created: 4aea5870-b744-11e6-a487-331de61f33e4
[INFO  - 2016-11-30T21:31:02.498Z] ShutdownReqHand - _handle - About to shutdown
[INFO  - 2016-11-30T21:31:34.374Z] GhostDriver - Main - running on port 48441
[INFO  - 2016-11-30T21:31:34.718Z] Session [5e2e2380-b744-11e6-9427-659bbc41e5d4] - page.settings - {"XSSAuditingEnabled":false,"javascriptCanCloseWindows":true,"javascriptCanOpenWindows":true,"javascriptEnabled":true,"loadImages":true,"localToRemoteUrlAccessEnabled":false,"userAgent":"Mozilla/5.0 (Windows NT 6.1; WOW64) AppleWebKit/538.1 (KHTML, like Gecko) PhantomJS/2.1.1 Safari/538.1","webSecurityEnabled":true}
[INFO  - 2016-11-30T21:31:34.718Z] Session [5e2e2380-b744-11e6-9427-659bbc41e5d4] - page.customHeaders:  - {}
[INFO  - 2016-11-30T21:31:34.718Z] Session [5e2e2380-b744-11e6-9427-659bbc41e5d4] - Session.negotiatedCapabilities - {"browserName":"phantomjs","version":"2.1.1","driverName":"ghostdriver","driverVersion":"1.2.0","platform":"windows-7-32bit","javascriptEnabled":true,"takesScreenshot":true,"handlesAlerts":false,"databaseEnabled":false,"locationContextEnabled":false,"applicationCacheEnabled":false,"browserConnectionEnabled":false,"cssSelectorsEnabled":true,"webStorageEnabled":false,"rotatable":false,"acceptSslCerts":false,"nativeEvents":true,"proxy":{"proxyType":"direct"}}
[INFO  - 2016-11-30T21:31:34.718Z] SessionManagerReqHand - _postNewSessionCommand - New Session Created: 5e2e2380-b744-11e6-9427-659bbc41e5d4
[INFO  - 2016-11-30T21:31:36.590Z] ShutdownReqHand - _handle - About to shutdown
[INFO  - 2016-11-30T21:31:39.653Z] GhostDriver - Main - running on port 41842
[INFO  - 2016-11-30T21:31:39.749Z] Session [612dcef0-b744-11e6-b904-0f3d2790aaf5] - page.settings - {"XSSAuditingEnabled":false,"javascriptCanCloseWindows":true,"javascriptCanOpenWindows":true,"javascriptEnabled":true,"loadImages":true,"localToRemoteUrlAccessEnabled":false,"userAgent":"Mozilla/5.0 (Windows NT 6.1; WOW64) AppleWebKit/538.1 (KHTML, like Gecko) PhantomJS/2.1.1 Safari/538.1","webSecurityEnabled":true}
[INFO  - 2016-11-30T21:31:39.749Z] Session [612dcef0-b744-11e6-b904-0f3d2790aaf5] - page.customHeaders:  - {}
[INFO  - 2016-11-30T21:31:39.749Z] Session [612dcef0-b744-11e6-b904-0f3d2790aaf5] - Session.negotiatedCapabilities - {"browserName":"phantomjs","version":"2.1.1","driverName":"ghostdriver","driverVersion":"1.2.0","platform":"windows-7-32bit","javascriptEnabled":true,"takesScreenshot":true,"handlesAlerts":false,"databaseEnabled":false,"locationContextEnabled":false,"applicationCacheEnabled":false,"browserConnectionEnabled":false,"cssSelectorsEnabled":true,"webStorageEnabled":false,"rotatable":false,"acceptSslCerts":false,"nativeEvents":true,"proxy":{"proxyType":"direct"}}
[INFO  - 2016-11-30T21:31:39.749Z] SessionManagerReqHand - _postNewSessionCommand - New Session Created: 612dcef0-b744-11e6-b904-0f3d2790aaf5
[INFO  - 2016-11-30T21:31:40.328Z] ShutdownReqHand - _handle - About to shutdown
